<!DOCTYPE html>
<html>
  <head>
    <meta charset="utf-8"/>
    <title>Test Report</title>
    <link href="assets/style.css" rel="stylesheet" type="text/css"/></head>
  <body onLoad="init()">
    <script>/* This Source Code Form is subject to the terms of the Mozilla Public
 * License, v. 2.0. If a copy of the MPL was not distributed with this file,
 * You can obtain one at http://mozilla.org/MPL/2.0/. */


function toArray(iter) {
    if (iter === null) {
        return null;
    }
    return Array.prototype.slice.call(iter);
}

function find(selector, elem) {
    if (!elem) {
        elem = document;
    }
    return elem.querySelector(selector);
}

function find_all(selector, elem) {
    if (!elem) {
        elem = document;
    }
    return toArray(elem.querySelectorAll(selector));
}

function sort_column(elem) {
    toggle_sort_states(elem);
    var colIndex = toArray(elem.parentNode.childNodes).indexOf(elem);
    var key;
    if (elem.classList.contains('numeric')) {
        key = key_num;
    } else if (elem.classList.contains('result')) {
        key = key_result;
    } else {
        key = key_alpha;
    }
    sort_table(elem, key(colIndex));
}

function show_all_extras() {
    find_all('.col-result').forEach(show_extras);
}

function hide_all_extras() {
    find_all('.col-result').forEach(hide_extras);
}

function show_extras(colresult_elem) {
    var extras = colresult_elem.parentNode.nextElementSibling;
    var expandcollapse = colresult_elem.firstElementChild;
    extras.classList.remove("collapsed");
    expandcollapse.classList.remove("expander");
    expandcollapse.classList.add("collapser");
}

function hide_extras(colresult_elem) {
    var extras = colresult_elem.parentNode.nextElementSibling;
    var expandcollapse = colresult_elem.firstElementChild;
    extras.classList.add("collapsed");
    expandcollapse.classList.remove("collapser");
    expandcollapse.classList.add("expander");
}

function show_filters() {
    var filter_items = document.getElementsByClassName('filter');
    for (var i = 0; i < filter_items.length; i++)
        filter_items[i].hidden = false;
}

function add_collapse() {
    // Add links for show/hide all
    var resulttable = find('table#results-table');
    var showhideall = document.createElement("p");
    showhideall.innerHTML = '<a href="javascript:show_all_extras()">Show all details</a> / ' +
                            '<a href="javascript:hide_all_extras()">Hide all details</a>';
    resulttable.parentElement.insertBefore(showhideall, resulttable);

    // Add show/hide link to each result
    find_all('.col-result').forEach(function(elem) {
        var collapsed = get_query_parameter('collapsed') || 'Passed';
        var extras = elem.parentNode.nextElementSibling;
        var expandcollapse = document.createElement("span");
        if (collapsed.includes(elem.innerHTML)) {
            extras.classList.add("collapsed");
            expandcollapse.classList.add("expander");
        } else {
            expandcollapse.classList.add("collapser");
        }
        elem.appendChild(expandcollapse);

        elem.addEventListener("click", function(event) {
            if (event.currentTarget.parentNode.nextElementSibling.classList.contains("collapsed")) {
                show_extras(event.currentTarget);
            } else {
                hide_extras(event.currentTarget);
            }
        });
    })
}

function get_query_parameter(name) {
    var match = RegExp('[?&]' + name + '=([^&]*)').exec(window.location.search);
    return match && decodeURIComponent(match[1].replace(/\+/g, ' '));
}

function init () {
    reset_sort_headers();

    add_collapse();

    show_filters();

    sort_column(find('.initial-sort'));

    find_all('.sortable').forEach(function(elem) {
        elem.addEventListener("click",
                              function(event) {
                                  sort_column(elem);
                              }, false)
    });

};

function sort_table(clicked, key_func) {
    var rows = find_all('.results-table-row');
    var reversed = !clicked.classList.contains('asc');
    var sorted_rows = sort(rows, key_func, reversed);
    /* Whole table is removed here because browsers acts much slower
     * when appending existing elements.
     */
    var thead = document.getElementById("results-table-head");
    document.getElementById('results-table').remove();
    var parent = document.createElement("table");
    parent.id = "results-table";
    parent.appendChild(thead);
    sorted_rows.forEach(function(elem) {
        parent.appendChild(elem);
    });
    document.getElementsByTagName("BODY")[0].appendChild(parent);
}

function sort(items, key_func, reversed) {
    var sort_array = items.map(function(item, i) {
        return [key_func(item), i];
    });

    sort_array.sort(function(a, b) {
        var key_a = a[0];
        var key_b = b[0];

        if (key_a == key_b) return 0;

        if (reversed) {
            return (key_a < key_b ? 1 : -1);
        } else {
            return (key_a > key_b ? 1 : -1);
        }
    });

    return sort_array.map(function(item) {
        var index = item[1];
        return items[index];
    });
}

function key_alpha(col_index) {
    return function(elem) {
        return elem.childNodes[1].childNodes[col_index].firstChild.data.toLowerCase();
    };
}

function key_num(col_index) {
    return function(elem) {
        return parseFloat(elem.childNodes[1].childNodes[col_index].firstChild.data);
    };
}

function key_result(col_index) {
    return function(elem) {
        var strings = ['Error', 'Failed', 'Rerun', 'XFailed', 'XPassed',
                       'Skipped', 'Passed'];
        return strings.indexOf(elem.childNodes[1].childNodes[col_index].firstChild.data);
    };
}

function reset_sort_headers() {
    find_all('.sort-icon').forEach(function(elem) {
        elem.parentNode.removeChild(elem);
    });
    find_all('.sortable').forEach(function(elem) {
        var icon = document.createElement("div");
        icon.className = "sort-icon";
        icon.textContent = "vvv";
        elem.insertBefore(icon, elem.firstChild);
        elem.classList.remove("desc", "active");
        elem.classList.add("asc", "inactive");
    });
}

function toggle_sort_states(elem) {
    //if active, toggle between asc and desc
    if (elem.classList.contains('active')) {
        elem.classList.toggle('asc');
        elem.classList.toggle('desc');
    }

    //if inactive, reset all other functions and add ascending active
    if (elem.classList.contains('inactive')) {
        reset_sort_headers();
        elem.classList.remove('inactive');
        elem.classList.add('active');
    }
}

function is_all_rows_hidden(value) {
  return value.hidden == false;
}

function filter_table(elem) {
    var outcome_att = "data-test-result";
    var outcome = elem.getAttribute(outcome_att);
    class_outcome = outcome + " results-table-row";
    var outcome_rows = document.getElementsByClassName(class_outcome);

    for(var i = 0; i < outcome_rows.length; i++){
        outcome_rows[i].hidden = !elem.checked;
    }

    var rows = find_all('.results-table-row').filter(is_all_rows_hidden);
    var all_rows_hidden = rows.length == 0 ? true : false;
    var not_found_message = document.getElementById("not-found-message");
    not_found_message.hidden = !all_rows_hidden;
}
</script>
    <h1>report.html</h1>
    <p>Report generated on 13-Jan-2020 at 08:07:08 by <a href="https://pypi.python.org/pypi/pytest-html">pytest-html</a> v2.0.1</p>
    <h2>Environment</h2>
    <table id="environment">
      <tr>
        <td>JAVA_HOME</td>
        <td>/home/okhatavk/Downloads/JDK/jdk1.8.0_231</td></tr>
      <tr>
        <td>Packages</td>
        <td>{&apos;pytest&apos;: &apos;5.3.1&apos;, &apos;py&apos;: &apos;1.8.0&apos;, &apos;pluggy&apos;: &apos;0.13.1&apos;}</td></tr>
      <tr>
        <td>Platform</td>
        <td>Linux-3.10.0-891.el7.x86_64-x86_64-with-redhat-7.5-Maipo</td></tr>
      <tr>
        <td>Plugins</td>
        <td>{&apos;forked&apos;: &apos;1.1.3&apos;, &apos;html&apos;: &apos;2.0.1&apos;, &apos;xdist&apos;: &apos;1.30.0&apos;, &apos;metadata&apos;: &apos;1.8.0&apos;}</td></tr>
      <tr>
        <td>Python</td>
        <td>3.6.8</td></tr></table>
    <h2>Summary</h2>
    <p>29 tests ran in 1128.08 seconds. </p>
    <p class="filter" hidden="true">(Un)check the boxes to filter the results.</p><input checked="true" class="filter" data-test-result="passed" hidden="true" name="filter_checkbox" onChange="filter_table(this)" type="checkbox"/><span class="passed">23 passed</span>, <input checked="true" class="filter" data-test-result="skipped" disabled="true" hidden="true" name="filter_checkbox" onChange="filter_table(this)" type="checkbox"/><span class="skipped">0 skipped</span>, <input checked="true" class="filter" data-test-result="failed" hidden="true" name="filter_checkbox" onChange="filter_table(this)" type="checkbox"/><span class="failed">6 failed</span>, <input checked="true" class="filter" data-test-result="error" disabled="true" hidden="true" name="filter_checkbox" onChange="filter_table(this)" type="checkbox"/><span class="error">0 errors</span>, <input checked="true" class="filter" data-test-result="xfailed" disabled="true" hidden="true" name="filter_checkbox" onChange="filter_table(this)" type="checkbox"/><span class="xfailed">0 expected failures</span>, <input checked="true" class="filter" data-test-result="xpassed" disabled="true" hidden="true" name="filter_checkbox" onChange="filter_table(this)" type="checkbox"/><span class="xpassed">0 unexpected passes</span>
    <h2>Results</h2>
    <table id="results-table">
      <thead id="results-table-head">
        <tr>
          <th class="sortable result initial-sort" col="result">Result</th>
          <th class="sortable" col="name">Test</th>
          <th class="sortable numeric" col="duration">Duration</th>
          <th>Links</th></tr>
        <tr hidden="true" id="not-found-message">
          <th colspan="4">No results found. Try to check the filters</th></tr></thead>
      <tbody class="failed results-table-row">
        <tr>
          <td class="col-result">Failed</td>
          <td class="col-name">tests/test_bulk_actions.py::test_bulk_upload_valid_input_files[valid_file0-action3]</td>
          <td class="col-duration">19.80</td>
          <td class="col-links"></td></tr>
        <tr>
          <td class="extra" colspan="4">
            <div class="log">browser = &lt;selenium.webdriver.chrome.webdriver.WebDriver (session=&quot;5495db0a39c794afc0bc1b2853ee7e3a&quot;)&gt;<br/>valid_file = &#x27;/home/okhatavk/perx-webui-testing/valid_files/file_syawGsxWYg.txt&#x27;<br/>action = {&#x27;action&#x27;: &#x27;Upload Tries&#x27;, &#x27;campaign&#x27;: &#x27;Stamp Campaign&#x27;}<br/><br/>    def test_bulk_upload_valid_input_files(browser, valid_file, action):<br/>        &quot;&quot;&quot;&quot;This test will verify that the bulk file upload is possible for all valid file<br/>        formats and all Actions e.g. .txt, .csv, .xlsx and Status is Processed&quot;&quot;&quot;<br/>        email, password = valid_user<br/>        login_page = LoginPage(browser)<br/>        login_page.login(email, password)<br/>        bulk_actions_page = BulkActionsPage(browser)<br/>        bulk_actions_page.is_logged_in(email)<br/>&gt;       bulk_actions_page.upload_file(valid_file, action)<br/><br/>tests/test_bulk_actions.py:70: <br/>_ _ _ _ _ _ _ _ _ _ _ _ _ _ _ _ _ _ _ _ _ _ _ _ _ _ _ _ _ _ _ _ _ _ _ _ _ _ _ _ <br/>pages/bulk_actions.py:60: in upload_file<br/>    self._select_action(action_dict)<br/>pages/bulk_actions.py:52: in _select_action<br/>    self.browser.find_element(*self.campaign_drop_down).click()<br/>env/lib/python3.6/site-packages/selenium/webdriver/remote/webdriver.py:978: in find_element<br/>    &#x27;value&#x27;: value})[&#x27;value&#x27;]<br/>env/lib/python3.6/site-packages/selenium/webdriver/remote/webdriver.py:321: in execute<br/>    self.error_handler.check_response(response)<br/>_ _ _ _ _ _ _ _ _ _ _ _ _ _ _ _ _ _ _ _ _ _ _ _ _ _ _ _ _ _ _ _ _ _ _ _ _ _ _ _ <br/><br/>self = &lt;selenium.webdriver.remote.errorhandler.ErrorHandler object at 0x7ff30cd07d68&gt;<br/>response = {&#x27;sessionId&#x27;: &#x27;5495db0a39c794afc0bc1b2853ee7e3a&#x27;, &#x27;status&#x27;: 7, &#x27;value&#x27;: {&#x27;message&#x27;: &#x27;no such element: Unable to locate...fo: chromedriver=2.41.578700 (2f1ed5f9343c13f73144538f15c00b370eda6706),platform=Linux 3.10.0-891.el7.x86_64 x86_64)&#x27;}}<br/><br/>    def check_response(self, response):<br/>        &quot;&quot;&quot;<br/>        Checks that a JSON response from the WebDriver does not have an error.<br/>    <br/>        :Args:<br/>         - response - The JSON response from the WebDriver server as a dictionary<br/>           object.<br/>    <br/>        :Raises: If the response contains an error message.<br/>        &quot;&quot;&quot;<br/>        status = response.get(&#x27;status&#x27;, None)<br/>        if status is None or status == ErrorCode.SUCCESS:<br/>            return<br/>        value = None<br/>        message = response.get(&quot;message&quot;, &quot;&quot;)<br/>        screen = response.get(&quot;screen&quot;, &quot;&quot;)<br/>        stacktrace = None<br/>        if isinstance(status, int):<br/>            value_json = response.get(&#x27;value&#x27;, None)<br/>            if value_json and isinstance(value_json, basestring):<br/>                import json<br/>                try:<br/>                    value = json.loads(value_json)<br/>                    if len(value.keys()) == 1:<br/>                        value = value[&#x27;value&#x27;]<br/>                    status = value.get(&#x27;error&#x27;, None)<br/>                    if status is None:<br/>                        status = value[&quot;status&quot;]<br/>                        message = value[&quot;value&quot;]<br/>                        if not isinstance(message, basestring):<br/>                            value = message<br/>                            message = message.get(&#x27;message&#x27;)<br/>                    else:<br/>                        message = value.get(&#x27;message&#x27;, None)<br/>                except ValueError:<br/>                    pass<br/>    <br/>        exception_class = ErrorInResponseException<br/>        if status in ErrorCode.NO_SUCH_ELEMENT:<br/>            exception_class = NoSuchElementException<br/>        elif status in ErrorCode.NO_SUCH_FRAME:<br/>            exception_class = NoSuchFrameException<br/>        elif status in ErrorCode.NO_SUCH_WINDOW:<br/>            exception_class = NoSuchWindowException<br/>        elif status in ErrorCode.STALE_ELEMENT_REFERENCE:<br/>            exception_class = StaleElementReferenceException<br/>        elif status in ErrorCode.ELEMENT_NOT_VISIBLE:<br/>            exception_class = ElementNotVisibleException<br/>        elif status in ErrorCode.INVALID_ELEMENT_STATE:<br/>            exception_class = InvalidElementStateException<br/>        elif status in ErrorCode.INVALID_SELECTOR \<br/>                or status in ErrorCode.INVALID_XPATH_SELECTOR \<br/>                or status in ErrorCode.INVALID_XPATH_SELECTOR_RETURN_TYPER:<br/>            exception_class = InvalidSelectorException<br/>        elif status in ErrorCode.ELEMENT_IS_NOT_SELECTABLE:<br/>            exception_class = ElementNotSelectableException<br/>        elif status in ErrorCode.ELEMENT_NOT_INTERACTABLE:<br/>            exception_class = ElementNotInteractableException<br/>        elif status in ErrorCode.INVALID_COOKIE_DOMAIN:<br/>            exception_class = InvalidCookieDomainException<br/>        elif status in ErrorCode.UNABLE_TO_SET_COOKIE:<br/>            exception_class = UnableToSetCookieException<br/>        elif status in ErrorCode.TIMEOUT:<br/>            exception_class = TimeoutException<br/>        elif status in ErrorCode.SCRIPT_TIMEOUT:<br/>            exception_class = TimeoutException<br/>        elif status in ErrorCode.UNKNOWN_ERROR:<br/>            exception_class = WebDriverException<br/>        elif status in ErrorCode.UNEXPECTED_ALERT_OPEN:<br/>            exception_class = UnexpectedAlertPresentException<br/>        elif status in ErrorCode.NO_ALERT_OPEN:<br/>            exception_class = NoAlertPresentException<br/>        elif status in ErrorCode.IME_NOT_AVAILABLE:<br/>            exception_class = ImeNotAvailableException<br/>        elif status in ErrorCode.IME_ENGINE_ACTIVATION_FAILED:<br/>            exception_class = ImeActivationFailedException<br/>        elif status in ErrorCode.MOVE_TARGET_OUT_OF_BOUNDS:<br/>            exception_class = MoveTargetOutOfBoundsException<br/>        elif status in ErrorCode.JAVASCRIPT_ERROR:<br/>            exception_class = JavascriptException<br/>        elif status in ErrorCode.SESSION_NOT_CREATED:<br/>            exception_class = SessionNotCreatedException<br/>        elif status in ErrorCode.INVALID_ARGUMENT:<br/>            exception_class = InvalidArgumentException<br/>        elif status in ErrorCode.NO_SUCH_COOKIE:<br/>            exception_class = NoSuchCookieException<br/>        elif status in ErrorCode.UNABLE_TO_CAPTURE_SCREEN:<br/>            exception_class = ScreenshotException<br/>        elif status in ErrorCode.ELEMENT_CLICK_INTERCEPTED:<br/>            exception_class = ElementClickInterceptedException<br/>        elif status in ErrorCode.INSECURE_CERTIFICATE:<br/>            exception_class = InsecureCertificateException<br/>        elif status in ErrorCode.INVALID_COORDINATES:<br/>            exception_class = InvalidCoordinatesException<br/>        elif status in ErrorCode.INVALID_SESSION_ID:<br/>            exception_class = InvalidSessionIdException<br/>        elif status in ErrorCode.UNKNOWN_METHOD:<br/>            exception_class = UnknownMethodException<br/>        else:<br/>            exception_class = WebDriverException<br/>        if value == &#x27;&#x27; or value is None:<br/>            value = response[&#x27;value&#x27;]<br/>        if isinstance(value, basestring):<br/>            if exception_class == ErrorInResponseException:<br/>                raise exception_class(response, value)<br/>            raise exception_class(value)<br/>        if message == &quot;&quot; and &#x27;message&#x27; in value:<br/>            message = value[&#x27;message&#x27;]<br/>    <br/>        screen = None<br/>        if &#x27;screen&#x27; in value:<br/>            screen = value[&#x27;screen&#x27;]<br/>    <br/>        stacktrace = None<br/>        if &#x27;stackTrace&#x27; in value and value[&#x27;stackTrace&#x27;]:<br/>            stacktrace = []<br/>            try:<br/>                for frame in value[&#x27;stackTrace&#x27;]:<br/>                    line = self._value_or_default(frame, &#x27;lineNumber&#x27;, &#x27;&#x27;)<br/>                    file = self._value_or_default(frame, &#x27;fileName&#x27;, &#x27;&lt;anonymous&gt;&#x27;)<br/>                    if line:<br/>                        file = &quot;%s:%s&quot; % (file, line)<br/>                    meth = self._value_or_default(frame, &#x27;methodName&#x27;, &#x27;&lt;anonymous&gt;&#x27;)<br/>                    if &#x27;className&#x27; in frame:<br/>                        meth = &quot;%s.%s&quot; % (frame[&#x27;className&#x27;], meth)<br/>                    msg = &quot;    at %s (%s)&quot;<br/>                    msg = msg % (meth, file)<br/>                    stacktrace.append(msg)<br/>            except TypeError:<br/>                pass<br/>        if exception_class == ErrorInResponseException:<br/>            raise exception_class(response, message)<br/>        elif exception_class == UnexpectedAlertPresentException:<br/>            alert_text = None<br/>            if &#x27;data&#x27; in value:<br/>                alert_text = value[&#x27;data&#x27;].get(&#x27;text&#x27;)<br/>            elif &#x27;alert&#x27; in value:<br/>                alert_text = value[&#x27;alert&#x27;].get(&#x27;text&#x27;)<br/>            raise exception_class(message, screen, stacktrace, alert_text)<br/>&gt;       raise exception_class(message, screen, stacktrace)<br/><span class="error">E       selenium.common.exceptions.NoSuchElementException: Message: no such element: Unable to locate element: {&quot;method&quot;:&quot;xpath&quot;,&quot;selector&quot;:&quot;//div[text()=&#x27;Please select a campaign&#x27;]&quot;}</span><br/><span class="error">E         (Session info: chrome=67.0.3396.87)</span><br/><span class="error">E         (Driver info: chromedriver=2.41.578700 (2f1ed5f9343c13f73144538f15c00b370eda6706),platform=Linux 3.10.0-891.el7.x86_64 x86_64)</span><br/><br/>env/lib/python3.6/site-packages/selenium/webdriver/remote/errorhandler.py:242: NoSuchElementException<br/></div></td></tr></tbody>
      <tbody class="failed results-table-row">
        <tr>
          <td class="col-result">Failed</td>
          <td class="col-name">tests/test_bulk_actions.py::test_bulk_upload_valid_input_files[valid_file1-action1]</td>
          <td class="col-duration">25.44</td>
          <td class="col-links"></td></tr>
        <tr>
          <td class="extra" colspan="4">
            <div class="log">browser = &lt;selenium.webdriver.chrome.webdriver.WebDriver (session=&quot;1dda5f22f9d9dbd2d8afad6b9a4a7221&quot;)&gt;<br/>valid_file = &#x27;/home/okhatavk/perx-webui-testing/valid_files/file_yfDAdpZkAq.csv&#x27;<br/>action = {&#x27;action&#x27;: &#x27;Upload Transactions&#x27;}<br/><br/>    def test_bulk_upload_valid_input_files(browser, valid_file, action):<br/>        &quot;&quot;&quot;&quot;This test will verify that the bulk file upload is possible for all valid file<br/>        formats and all Actions e.g. .txt, .csv, .xlsx and Status is Processed&quot;&quot;&quot;<br/>        email, password = valid_user<br/>        login_page = LoginPage(browser)<br/>        login_page.login(email, password)<br/>        bulk_actions_page = BulkActionsPage(browser)<br/>        bulk_actions_page.is_logged_in(email)<br/>        bulk_actions_page.upload_file(valid_file, action)<br/>        table = bulk_actions_page.read_table()<br/>        assert (action[&#x27;action&#x27;]).lower() in (table[0][&#x27;Action Name&#x27;]).lower()<br/>        assert table[0][&#x27;File Name&#x27;] == get_file_name(valid_file)<br/>        assert table[0][&#x27;User&#x27;] == email<br/>&gt;       assert table[0][&#x27;Status&#x27;] in [&#x27;PROCESSING&#x27;, &#x27;INITIAL&#x27;]<br/><span class="error">E       AssertionError: assert &#x27;FAILED&#x27; in [&#x27;PROCESSING&#x27;, &#x27;INITIAL&#x27;]</span><br/><br/>tests/test_bulk_actions.py:75: AssertionError<br/> ------------------------------Captured stdout call------------------------------ <br/>File Present In Model
<br/></div></td></tr></tbody>
      <tbody class="failed results-table-row">
        <tr>
          <td class="col-result">Failed</td>
          <td class="col-name">tests/test_bulk_actions.py::test_bulk_upload_valid_input_files[valid_file1-action2]</td>
          <td class="col-duration">25.24</td>
          <td class="col-links"></td></tr>
        <tr>
          <td class="extra" colspan="4">
            <div class="log">browser = &lt;selenium.webdriver.chrome.webdriver.WebDriver (session=&quot;0e4465114ce42ab3c21e9503132dfd44&quot;)&gt;<br/>valid_file = &#x27;/home/okhatavk/perx-webui-testing/valid_files/file_yfDAdpZkAq.csv&#x27;<br/>action = {&#x27;action&#x27;: &#x27;Upload Users&#x27;}<br/><br/>    def test_bulk_upload_valid_input_files(browser, valid_file, action):<br/>        &quot;&quot;&quot;&quot;This test will verify that the bulk file upload is possible for all valid file<br/>        formats and all Actions e.g. .txt, .csv, .xlsx and Status is Processed&quot;&quot;&quot;<br/>        email, password = valid_user<br/>        login_page = LoginPage(browser)<br/>        login_page.login(email, password)<br/>        bulk_actions_page = BulkActionsPage(browser)<br/>        bulk_actions_page.is_logged_in(email)<br/>        bulk_actions_page.upload_file(valid_file, action)<br/>        table = bulk_actions_page.read_table()<br/>        assert (action[&#x27;action&#x27;]).lower() in (table[0][&#x27;Action Name&#x27;]).lower()<br/>        assert table[0][&#x27;File Name&#x27;] == get_file_name(valid_file)<br/>        assert table[0][&#x27;User&#x27;] == email<br/>&gt;       assert table[0][&#x27;Status&#x27;] in [&#x27;PROCESSING&#x27;, &#x27;INITIAL&#x27;]<br/><span class="error">E       AssertionError: assert &#x27;FAILED&#x27; in [&#x27;PROCESSING&#x27;, &#x27;INITIAL&#x27;]</span><br/><br/>tests/test_bulk_actions.py:75: AssertionError<br/> ------------------------------Captured stdout call------------------------------ <br/>File Present In Model
<br/></div></td></tr></tbody>
      <tbody class="failed results-table-row">
        <tr>
          <td class="col-result">Failed</td>
          <td class="col-name">tests/test_bulk_actions.py::test_bulk_upload_valid_input_files[valid_file1-action3]</td>
          <td class="col-duration">7.78</td>
          <td class="col-links"></td></tr>
        <tr>
          <td class="extra" colspan="4">
            <div class="log">browser = &lt;selenium.webdriver.chrome.webdriver.WebDriver (session=&quot;e5dfca529be77d2e870cb9e36a5deb53&quot;)&gt;<br/>valid_file = &#x27;/home/okhatavk/perx-webui-testing/valid_files/file_yfDAdpZkAq.csv&#x27;<br/>action = {&#x27;action&#x27;: &#x27;Upload Tries&#x27;, &#x27;campaign&#x27;: &#x27;Stamp Campaign&#x27;}<br/><br/>    def test_bulk_upload_valid_input_files(browser, valid_file, action):<br/>        &quot;&quot;&quot;&quot;This test will verify that the bulk file upload is possible for all valid file<br/>        formats and all Actions e.g. .txt, .csv, .xlsx and Status is Processed&quot;&quot;&quot;<br/>        email, password = valid_user<br/>        login_page = LoginPage(browser)<br/>        login_page.login(email, password)<br/>        bulk_actions_page = BulkActionsPage(browser)<br/>        bulk_actions_page.is_logged_in(email)<br/>&gt;       bulk_actions_page.upload_file(valid_file, action)<br/><br/>tests/test_bulk_actions.py:70: <br/>_ _ _ _ _ _ _ _ _ _ _ _ _ _ _ _ _ _ _ _ _ _ _ _ _ _ _ _ _ _ _ _ _ _ _ _ _ _ _ _ <br/>pages/bulk_actions.py:60: in upload_file<br/>    self._select_action(action_dict)<br/>pages/bulk_actions.py:49: in _select_action<br/>    self.browser.find_element(*self.action_drop_down).click()<br/>env/lib/python3.6/site-packages/selenium/webdriver/remote/webelement.py:80: in click<br/>    self._execute(Command.CLICK_ELEMENT)<br/>env/lib/python3.6/site-packages/selenium/webdriver/remote/webelement.py:633: in _execute<br/>    return self._parent.execute(command, params)<br/>env/lib/python3.6/site-packages/selenium/webdriver/remote/webdriver.py:321: in execute<br/>    self.error_handler.check_response(response)<br/>_ _ _ _ _ _ _ _ _ _ _ _ _ _ _ _ _ _ _ _ _ _ _ _ _ _ _ _ _ _ _ _ _ _ _ _ _ _ _ _ <br/><br/>self = &lt;selenium.webdriver.remote.errorhandler.ErrorHandler object at 0x7ff30ccea0f0&gt;<br/>response = {&#x27;sessionId&#x27;: &#x27;e5dfca529be77d2e870cb9e36a5deb53&#x27;, &#x27;status&#x27;: 13, &#x27;value&#x27;: {&#x27;message&#x27;: &#x27;unknown error: Element &lt;div clas...fo: chromedriver=2.41.578700 (2f1ed5f9343c13f73144538f15c00b370eda6706),platform=Linux 3.10.0-891.el7.x86_64 x86_64)&#x27;}}<br/><br/>    def check_response(self, response):<br/>        &quot;&quot;&quot;<br/>        Checks that a JSON response from the WebDriver does not have an error.<br/>    <br/>        :Args:<br/>         - response - The JSON response from the WebDriver server as a dictionary<br/>           object.<br/>    <br/>        :Raises: If the response contains an error message.<br/>        &quot;&quot;&quot;<br/>        status = response.get(&#x27;status&#x27;, None)<br/>        if status is None or status == ErrorCode.SUCCESS:<br/>            return<br/>        value = None<br/>        message = response.get(&quot;message&quot;, &quot;&quot;)<br/>        screen = response.get(&quot;screen&quot;, &quot;&quot;)<br/>        stacktrace = None<br/>        if isinstance(status, int):<br/>            value_json = response.get(&#x27;value&#x27;, None)<br/>            if value_json and isinstance(value_json, basestring):<br/>                import json<br/>                try:<br/>                    value = json.loads(value_json)<br/>                    if len(value.keys()) == 1:<br/>                        value = value[&#x27;value&#x27;]<br/>                    status = value.get(&#x27;error&#x27;, None)<br/>                    if status is None:<br/>                        status = value[&quot;status&quot;]<br/>                        message = value[&quot;value&quot;]<br/>                        if not isinstance(message, basestring):<br/>                            value = message<br/>                            message = message.get(&#x27;message&#x27;)<br/>                    else:<br/>                        message = value.get(&#x27;message&#x27;, None)<br/>                except ValueError:<br/>                    pass<br/>    <br/>        exception_class = ErrorInResponseException<br/>        if status in ErrorCode.NO_SUCH_ELEMENT:<br/>            exception_class = NoSuchElementException<br/>        elif status in ErrorCode.NO_SUCH_FRAME:<br/>            exception_class = NoSuchFrameException<br/>        elif status in ErrorCode.NO_SUCH_WINDOW:<br/>            exception_class = NoSuchWindowException<br/>        elif status in ErrorCode.STALE_ELEMENT_REFERENCE:<br/>            exception_class = StaleElementReferenceException<br/>        elif status in ErrorCode.ELEMENT_NOT_VISIBLE:<br/>            exception_class = ElementNotVisibleException<br/>        elif status in ErrorCode.INVALID_ELEMENT_STATE:<br/>            exception_class = InvalidElementStateException<br/>        elif status in ErrorCode.INVALID_SELECTOR \<br/>                or status in ErrorCode.INVALID_XPATH_SELECTOR \<br/>                or status in ErrorCode.INVALID_XPATH_SELECTOR_RETURN_TYPER:<br/>            exception_class = InvalidSelectorException<br/>        elif status in ErrorCode.ELEMENT_IS_NOT_SELECTABLE:<br/>            exception_class = ElementNotSelectableException<br/>        elif status in ErrorCode.ELEMENT_NOT_INTERACTABLE:<br/>            exception_class = ElementNotInteractableException<br/>        elif status in ErrorCode.INVALID_COOKIE_DOMAIN:<br/>            exception_class = InvalidCookieDomainException<br/>        elif status in ErrorCode.UNABLE_TO_SET_COOKIE:<br/>            exception_class = UnableToSetCookieException<br/>        elif status in ErrorCode.TIMEOUT:<br/>            exception_class = TimeoutException<br/>        elif status in ErrorCode.SCRIPT_TIMEOUT:<br/>            exception_class = TimeoutException<br/>        elif status in ErrorCode.UNKNOWN_ERROR:<br/>            exception_class = WebDriverException<br/>        elif status in ErrorCode.UNEXPECTED_ALERT_OPEN:<br/>            exception_class = UnexpectedAlertPresentException<br/>        elif status in ErrorCode.NO_ALERT_OPEN:<br/>            exception_class = NoAlertPresentException<br/>        elif status in ErrorCode.IME_NOT_AVAILABLE:<br/>            exception_class = ImeNotAvailableException<br/>        elif status in ErrorCode.IME_ENGINE_ACTIVATION_FAILED:<br/>            exception_class = ImeActivationFailedException<br/>        elif status in ErrorCode.MOVE_TARGET_OUT_OF_BOUNDS:<br/>            exception_class = MoveTargetOutOfBoundsException<br/>        elif status in ErrorCode.JAVASCRIPT_ERROR:<br/>            exception_class = JavascriptException<br/>        elif status in ErrorCode.SESSION_NOT_CREATED:<br/>            exception_class = SessionNotCreatedException<br/>        elif status in ErrorCode.INVALID_ARGUMENT:<br/>            exception_class = InvalidArgumentException<br/>        elif status in ErrorCode.NO_SUCH_COOKIE:<br/>            exception_class = NoSuchCookieException<br/>        elif status in ErrorCode.UNABLE_TO_CAPTURE_SCREEN:<br/>            exception_class = ScreenshotException<br/>        elif status in ErrorCode.ELEMENT_CLICK_INTERCEPTED:<br/>            exception_class = ElementClickInterceptedException<br/>        elif status in ErrorCode.INSECURE_CERTIFICATE:<br/>            exception_class = InsecureCertificateException<br/>        elif status in ErrorCode.INVALID_COORDINATES:<br/>            exception_class = InvalidCoordinatesException<br/>        elif status in ErrorCode.INVALID_SESSION_ID:<br/>            exception_class = InvalidSessionIdException<br/>        elif status in ErrorCode.UNKNOWN_METHOD:<br/>            exception_class = UnknownMethodException<br/>        else:<br/>            exception_class = WebDriverException<br/>        if value == &#x27;&#x27; or value is None:<br/>            value = response[&#x27;value&#x27;]<br/>        if isinstance(value, basestring):<br/>            if exception_class == ErrorInResponseException:<br/>                raise exception_class(response, value)<br/>            raise exception_class(value)<br/>        if message == &quot;&quot; and &#x27;message&#x27; in value:<br/>            message = value[&#x27;message&#x27;]<br/>    <br/>        screen = None<br/>        if &#x27;screen&#x27; in value:<br/>            screen = value[&#x27;screen&#x27;]<br/>    <br/>        stacktrace = None<br/>        if &#x27;stackTrace&#x27; in value and value[&#x27;stackTrace&#x27;]:<br/>            stacktrace = []<br/>            try:<br/>                for frame in value[&#x27;stackTrace&#x27;]:<br/>                    line = self._value_or_default(frame, &#x27;lineNumber&#x27;, &#x27;&#x27;)<br/>                    file = self._value_or_default(frame, &#x27;fileName&#x27;, &#x27;&lt;anonymous&gt;&#x27;)<br/>                    if line:<br/>                        file = &quot;%s:%s&quot; % (file, line)<br/>                    meth = self._value_or_default(frame, &#x27;methodName&#x27;, &#x27;&lt;anonymous&gt;&#x27;)<br/>                    if &#x27;className&#x27; in frame:<br/>                        meth = &quot;%s.%s&quot; % (frame[&#x27;className&#x27;], meth)<br/>                    msg = &quot;    at %s (%s)&quot;<br/>                    msg = msg % (meth, file)<br/>                    stacktrace.append(msg)<br/>            except TypeError:<br/>                pass<br/>        if exception_class == ErrorInResponseException:<br/>            raise exception_class(response, message)<br/>        elif exception_class == UnexpectedAlertPresentException:<br/>            alert_text = None<br/>            if &#x27;data&#x27; in value:<br/>                alert_text = value[&#x27;data&#x27;].get(&#x27;text&#x27;)<br/>            elif &#x27;alert&#x27; in value:<br/>                alert_text = value[&#x27;alert&#x27;].get(&#x27;text&#x27;)<br/>            raise exception_class(message, screen, stacktrace, alert_text)<br/>&gt;       raise exception_class(message, screen, stacktrace)<br/><span class="error">E       selenium.common.exceptions.WebDriverException: Message: unknown error: Element &lt;div class=&quot;ant-select-selection</span><br/><span class="error">E                   ant-select-selection--single&quot; role=&quot;combobox&quot; aria-autocomplete=&quot;list&quot; aria-haspopup=&quot;true&quot; aria-controls=&quot;e709ca0f-643c-4f01-a9c4-d09cc2bd6217&quot; aria-expanded=&quot;false&quot; tabindex=&quot;0&quot;&gt;...&lt;/div&gt; is not clickable at point (1088, 110). Other element would receive the click: &lt;div class=&quot;ant-modal-body&quot;&gt;...&lt;/div&gt;</span><br/><span class="error">E         (Session info: chrome=67.0.3396.87)</span><br/><span class="error">E         (Driver info: chromedriver=2.41.578700 (2f1ed5f9343c13f73144538f15c00b370eda6706),platform=Linux 3.10.0-891.el7.x86_64 x86_64)</span><br/><br/>env/lib/python3.6/site-packages/selenium/webdriver/remote/errorhandler.py:242: WebDriverException<br/></div></td></tr></tbody>
      <tbody class="failed results-table-row">
        <tr>
          <td class="col-result">Failed</td>
          <td class="col-name">tests/test_bulk_actions.py::test_bulk_upload_valid_input_files[valid_file2-action3]</td>
          <td class="col-duration">10.22</td>
          <td class="col-links"></td></tr>
        <tr>
          <td class="extra" colspan="4">
            <div class="log">browser = &lt;selenium.webdriver.chrome.webdriver.WebDriver (session=&quot;135b4e50ae2ae263421d6b871857efa8&quot;)&gt;<br/>valid_file = &#x27;/home/okhatavk/perx-webui-testing/valid_files/file_lYyxRvuvYP.xlsx&#x27;<br/>action = {&#x27;action&#x27;: &#x27;Upload Tries&#x27;, &#x27;campaign&#x27;: &#x27;Stamp Campaign&#x27;}<br/><br/>    def test_bulk_upload_valid_input_files(browser, valid_file, action):<br/>        &quot;&quot;&quot;&quot;This test will verify that the bulk file upload is possible for all valid file<br/>        formats and all Actions e.g. .txt, .csv, .xlsx and Status is Processed&quot;&quot;&quot;<br/>        email, password = valid_user<br/>        login_page = LoginPage(browser)<br/>        login_page.login(email, password)<br/>        bulk_actions_page = BulkActionsPage(browser)<br/>        bulk_actions_page.is_logged_in(email)<br/>&gt;       bulk_actions_page.upload_file(valid_file, action)<br/><br/>tests/test_bulk_actions.py:70: <br/>_ _ _ _ _ _ _ _ _ _ _ _ _ _ _ _ _ _ _ _ _ _ _ _ _ _ _ _ _ _ _ _ _ _ _ _ _ _ _ _ <br/>pages/bulk_actions.py:60: in upload_file<br/>    self._select_action(action_dict)<br/>_ _ _ _ _ _ _ _ _ _ _ _ _ _ _ _ _ _ _ _ _ _ _ _ _ _ _ _ _ _ _ _ _ _ _ _ _ _ _ _ <br/><br/>self = &lt;pages.bulk_actions.BulkActionsPage object at 0x7ff30cc20278&gt;<br/>action_dict = {&#x27;action&#x27;: &#x27;Upload Tries&#x27;, &#x27;campaign&#x27;: &#x27;Stamp Campaign&#x27;}<br/><br/>    def _select_action(self, action_dict):<br/>        self.browser.find_element(*self.action_drop_down).click()<br/>        select_value_from_drop_down(self.browser, self.action_drop_down, action_dict[&#x27;action&#x27;])<br/>        if &#x27;campaign&#x27; in action_dict:<br/>            self.browser.find_element(*self.campaign_drop_down).click()<br/>&gt;           select_value_from_drop_down(self.browser, action_dict[&#x27;campaign&#x27;])<br/><span class="error">E           TypeError: select_value_from_drop_down() missing 1 required positional argument: &#x27;value&#x27;</span><br/><br/>pages/bulk_actions.py:53: TypeError<br/></div></td></tr></tbody>
      <tbody class="failed results-table-row">
        <tr>
          <td class="col-result">Failed</td>
          <td class="col-name">tests/test_reward.py::test_access_level_for_fields_with_private_reward</td>
          <td class="col-duration">21.76</td>
          <td class="col-links"></td></tr>
        <tr>
          <td class="extra" colspan="4">
            <div class="log">browser = &lt;selenium.webdriver.chrome.webdriver.WebDriver (session=&quot;ad1253a488e3caeedd4bfa9ac8d1fd46&quot;)&gt;<br/><br/>    def test_access_level_for_fields_with_private_reward(browser):<br/>        &quot;&quot;&quot;This test will verify that all fields related to catalogues, labels, brands,<br/>        tags and categories should disappear for private reward&quot;&quot;&quot;<br/>        email, password = valid_user<br/>        login_page = LoginPage(browser)<br/>        login_page.login(email, password)<br/>        reward_page = RewardPage(browser)<br/>        reward_page.is_logged_in(email)<br/>        del input_data[&#x27;Catalogues&#x27;]<br/>        input_data[&#x27;Type&#x27;] = &#x27;Private&#x27;<br/>        input_data[&#x27;Name&#x27;] = &#x27;Private_Reward-{}&#x27;.format(input_data[&#x27;Name&#x27;])<br/>        fields_visibility_status = reward_page.get_field_status(input_data)<br/>        assert len(fields_visibility_status) &gt; 3<br/>        for field in [&#x27;Brands&#x27;, &#x27;Tags&#x27;, &#x27;Catalogues&#x27;, &#x27;Labels&#x27;, &#x27;Categories&#x27;]:<br/>            if field in fields_visibility_status:<br/>&gt;               assert not fields_visibility_status[field], &quot;Failed For {}&quot;.format(field)<br/><span class="error">E               AssertionError: Failed For Brands</span><br/><span class="error">E               assert not True</span><br/><br/>tests/test_reward.py:167: AssertionError<br/></div></td></tr></tbody>
      <tbody class="passed results-table-row">
        <tr>
          <td class="col-result">Passed</td>
          <td class="col-name">tests/test_bulk_actions.py::test_permissions_bulk_file_upload</td>
          <td class="col-duration">8.51</td>
          <td class="col-links"></td></tr>
        <tr>
          <td class="extra" colspan="4">
            <div class="empty log">No log output captured.</div></td></tr></tbody>
      <tbody class="passed results-table-row">
        <tr>
          <td class="col-result">Passed</td>
          <td class="col-name">tests/test_bulk_actions.py::test_permissions_bulk_file_upload_for_invalid_user</td>
          <td class="col-duration">14.22</td>
          <td class="col-links"></td></tr>
        <tr>
          <td class="extra" colspan="4">
            <div class="empty log">No log output captured.</div></td></tr></tbody>
      <tbody class="passed results-table-row">
        <tr>
          <td class="col-result">Passed</td>
          <td class="col-name">tests/test_bulk_actions.py::test_bulk_upload_valid_input_files[valid_file0-action0]</td>
          <td class="col-duration">25.26</td>
          <td class="col-links"></td></tr>
        <tr>
          <td class="extra" colspan="4">
            <div class="log"> ------------------------------Captured stdout call------------------------------ <br/>File Present In Model
<br/></div></td></tr></tbody>
      <tbody class="passed results-table-row">
        <tr>
          <td class="col-result">Passed</td>
          <td class="col-name">tests/test_bulk_actions.py::test_bulk_upload_valid_input_files[valid_file0-action1]</td>
          <td class="col-duration">25.39</td>
          <td class="col-links"></td></tr>
        <tr>
          <td class="extra" colspan="4">
            <div class="log"> ------------------------------Captured stdout call------------------------------ <br/>File Present In Model
<br/></div></td></tr></tbody>
      <tbody class="passed results-table-row">
        <tr>
          <td class="col-result">Passed</td>
          <td class="col-name">tests/test_bulk_actions.py::test_bulk_upload_valid_input_files[valid_file0-action2]</td>
          <td class="col-duration">25.32</td>
          <td class="col-links"></td></tr>
        <tr>
          <td class="extra" colspan="4">
            <div class="log"> ------------------------------Captured stdout call------------------------------ <br/>File Present In Model
<br/></div></td></tr></tbody>
      <tbody class="passed results-table-row">
        <tr>
          <td class="col-result">Passed</td>
          <td class="col-name">tests/test_bulk_actions.py::test_bulk_upload_valid_input_files[valid_file1-action0]</td>
          <td class="col-duration">25.14</td>
          <td class="col-links"></td></tr>
        <tr>
          <td class="extra" colspan="4">
            <div class="log"> ------------------------------Captured stdout call------------------------------ <br/>File Present In Model
<br/></div></td></tr></tbody>
      <tbody class="passed results-table-row">
        <tr>
          <td class="col-result">Passed</td>
          <td class="col-name">tests/test_bulk_actions.py::test_bulk_upload_valid_input_files[valid_file2-action0]</td>
          <td class="col-duration">25.24</td>
          <td class="col-links"></td></tr>
        <tr>
          <td class="extra" colspan="4">
            <div class="log"> ------------------------------Captured stdout call------------------------------ <br/>File Present In Model
<br/></div></td></tr></tbody>
      <tbody class="passed results-table-row">
        <tr>
          <td class="col-result">Passed</td>
          <td class="col-name">tests/test_bulk_actions.py::test_bulk_upload_valid_input_files[valid_file2-action1]</td>
          <td class="col-duration">25.22</td>
          <td class="col-links"></td></tr>
        <tr>
          <td class="extra" colspan="4">
            <div class="log"> ------------------------------Captured stdout call------------------------------ <br/>File Present In Model
<br/></div></td></tr></tbody>
      <tbody class="passed results-table-row">
        <tr>
          <td class="col-result">Passed</td>
          <td class="col-name">tests/test_bulk_actions.py::test_bulk_upload_valid_input_files[valid_file2-action2]</td>
          <td class="col-duration">25.11</td>
          <td class="col-links"></td></tr>
        <tr>
          <td class="extra" colspan="4">
            <div class="log"> ------------------------------Captured stdout call------------------------------ <br/>File Present In Model
<br/></div></td></tr></tbody>
      <tbody class="passed results-table-row">
        <tr>
          <td class="col-result">Passed</td>
          <td class="col-name">tests/test_bulk_actions.py::test_bulk_upload_invalid_input_files[invalid_file0]</td>
          <td class="col-duration">9.92</td>
          <td class="col-links"></td></tr>
        <tr>
          <td class="extra" colspan="4">
            <div class="log"> ------------------------------Captured stdout call------------------------------ <br/>File Present In Model
<br/></div></td></tr></tbody>
      <tbody class="passed results-table-row">
        <tr>
          <td class="col-result">Passed</td>
          <td class="col-name">tests/test_bulk_actions.py::test_bulk_upload_invalid_input_files[invalid_file1]</td>
          <td class="col-duration">9.65</td>
          <td class="col-links"></td></tr>
        <tr>
          <td class="extra" colspan="4">
            <div class="log"> ------------------------------Captured stdout call------------------------------ <br/>File Present In Model
<br/></div></td></tr></tbody>
      <tbody class="passed results-table-row">
        <tr>
          <td class="col-result">Passed</td>
          <td class="col-name">tests/test_bulk_actions.py::test_bulk_upload_invalid_input_files[invalid_file2]</td>
          <td class="col-duration">9.54</td>
          <td class="col-links"></td></tr>
        <tr>
          <td class="extra" colspan="4">
            <div class="log"> ------------------------------Captured stdout call------------------------------ <br/>File Present In Model
<br/></div></td></tr></tbody>
      <tbody class="passed results-table-row">
        <tr>
          <td class="col-result">Passed</td>
          <td class="col-name">tests/test_bulk_actions.py::test_bulk_upload_invalid_input_files[invalid_file3]</td>
          <td class="col-duration">9.98</td>
          <td class="col-links"></td></tr>
        <tr>
          <td class="extra" colspan="4">
            <div class="log"> ------------------------------Captured stdout call------------------------------ <br/>File Present In Model
<br/></div></td></tr></tbody>
      <tbody class="passed results-table-row">
        <tr>
          <td class="col-result">Passed</td>
          <td class="col-name">tests/test_bulk_actions.py::test_bulk_upload_invalid_input_files[invalid_file4]</td>
          <td class="col-duration">9.71</td>
          <td class="col-links"></td></tr>
        <tr>
          <td class="extra" colspan="4">
            <div class="log"> ------------------------------Captured stdout call------------------------------ <br/>File Present In Model
<br/></div></td></tr></tbody>
      <tbody class="passed results-table-row">
        <tr>
          <td class="col-result">Passed</td>
          <td class="col-name">tests/test_reward.py::test_permissions_for_rewards_valid_user</td>
          <td class="col-duration">12.24</td>
          <td class="col-links"></td></tr>
        <tr>
          <td class="extra" colspan="4">
            <div class="empty log">No log output captured.</div></td></tr></tbody>
      <tbody class="passed results-table-row">
        <tr>
          <td class="col-result">Passed</td>
          <td class="col-name">tests/test_reward.py::test_permissions_for_rewards_non_authorized_user_ui_navigation</td>
          <td class="col-duration">14.14</td>
          <td class="col-links"></td></tr>
        <tr>
          <td class="extra" colspan="4">
            <div class="empty log">No log output captured.</div></td></tr></tbody>
      <tbody class="passed results-table-row">
        <tr>
          <td class="col-result">Passed</td>
          <td class="col-name">tests/test_reward.py::test_permissions_for_rewards_non_authorized_user_from_url</td>
          <td class="col-duration">57.32</td>
          <td class="col-links"></td></tr>
        <tr>
          <td class="extra" colspan="4">
            <div class="empty log">No log output captured.</div></td></tr></tbody>
      <tbody class="passed results-table-row">
        <tr>
          <td class="col-result">Passed</td>
          <td class="col-name">tests/test_reward.py::test_access_api_endpoints_using_rewards_admin_valid_user</td>
          <td class="col-duration">88.15</td>
          <td class="col-links"></td></tr>
        <tr>
          <td class="extra" colspan="4">
            <div class="empty log">No log output captured.</div></td></tr></tbody>
      <tbody class="passed results-table-row">
        <tr>
          <td class="col-result">Passed</td>
          <td class="col-name">tests/test_reward.py::test_access_api_endpoints_using_ui_rewards_admin_authorized_user</td>
          <td class="col-duration">94.71</td>
          <td class="col-links"></td></tr>
        <tr>
          <td class="extra" colspan="4">
            <div class="empty log">No log output captured.</div></td></tr></tbody>
      <tbody class="passed results-table-row">
        <tr>
          <td class="col-result">Passed</td>
          <td class="col-name">tests/test_reward.py::test_create_public_reward</td>
          <td class="col-duration">40.39</td>
          <td class="col-links"></td></tr>
        <tr>
          <td class="extra" colspan="4">
            <div class="empty log">No log output captured.</div></td></tr></tbody>
      <tbody class="passed results-table-row">
        <tr>
          <td class="col-result">Passed</td>
          <td class="col-name">tests/test_reward.py::test_check_mandatory_information_create_reward</td>
          <td class="col-duration">15.64</td>
          <td class="col-links"></td></tr>
        <tr>
          <td class="extra" colspan="4">
            <div class="empty log">No log output captured.</div></td></tr></tbody>
      <tbody class="passed results-table-row">
        <tr>
          <td class="col-result">Passed</td>
          <td class="col-name">tests/test_reward.py::test_successful_create_public_reward_with_search</td>
          <td class="col-duration">56.55</td>
          <td class="col-links"></td></tr>
        <tr>
          <td class="extra" colspan="4">
            <div class="empty log">No log output captured.</div></td></tr></tbody>
      <tbody class="passed results-table-row">
        <tr>
          <td class="col-result">Passed</td>
          <td class="col-name">tests/test_reward.py::test_disable_section_on_ui</td>
          <td class="col-duration">20.08</td>
          <td class="col-links"></td></tr>
        <tr>
          <td class="extra" colspan="4">
            <div class="empty log">No log output captured.</div></td></tr></tbody></table></body></html>